
[20.07.14 21:16:21.283] WEB Server launched on port 80
[20.07.14 21:18:10.234] WEB Server launched on port 80
[20.07.14 21:22:38.922] WEB Server launched on port 80
[20.07.14 21:23:06.628] WEB Server launched on port 80
[20.07.14 21:27:57.002] WEB Server launched on port 80
[20.07.14 21:28:51.786] WEB Server launched on port 80
[20.07.14 21:28:51.833] [31merror: таблица "timetable" не существует[39m
[20.07.14 21:28:51.835] [31merror: таблица "logs" не существует[39m
[20.07.14 21:28:51.836] [31merror: таблица "joblog" не существует[39m
[20.07.14 21:34:06.224] WEB Server launched on port 80
[20.07.14 21:34:06.270] [31merror: таблица "joblog" не существует[39m
[20.07.14 21:34:06.274] [31merror: таблица "logs" не существует[39m
[20.07.14 21:34:06.273] [31merror: таблица "timetable" не существует[39m
[20.07.14 21:35:11.777] [31merror: таблица "logs" не существует[39m
[20.07.14 21:35:11.782] [31merror: таблица "timetable" не существует[39m
[20.07.14 21:35:11.783] [31merror: таблица "joblog" не существует[39m
[20.07.14 21:36:01.346] WEB Server launched on port 80
[20.07.14 21:38:09.119] [31merror: таблица "joblog" не существует[39m
[20.07.14 21:38:09.124] [31merror: таблица "logs" не существует[39m
[20.07.14 21:38:09.136] [31merror: таблица "timetable" не существует[39m
[20.07.14 21:38:09.138] Tables droped!
[20.07.14 21:38:09.181] [31merror: ошибка синтаксиса (примерное положение: "process")[39m
[20.07.14 21:38:09.191] [31merror: ошибка синтаксиса (примерное положение: "timezone")[39m
[20.07.14 21:38:09.241] Tables created!
[20.07.14 21:38:09.243] Init completed!
[20.07.14 21:43:59.607] [31merror: таблица "timetable" не существует[39m
[20.07.14 21:43:59.612] [31merror: таблица "joblog" не существует[39m
[20.07.14 21:43:59.662] Tables droped!
[20.07.14 21:43:59.816] Tables created!
[20.07.14 21:43:59.817] Init completed!
[20.07.14 21:47:44.156] WEB Server launched on port 80
[20.07.14 21:49:41.137] WEB Server launched on port 80
[20.07.14 21:49:54.914] WEB Server launched on port 80
[20.07.14 21:50:17.268] WEB Server launched on port 80
[20.07.14 21:50:26.516] Tables droped!
[20.07.14 21:50:26.669] Tables created!
[20.07.14 21:50:26.670] Init completed!